{"/Users/Projetos/golden-raspberry-api/src/app.ts": {"path":"/Users/Projetos/golden-raspberry-api/src/app.ts","all":false,"statementMap":{"0":{"start":{"line":1,"column":0},"end":{"line":1,"column":51}},"9":{"start":{"line":10,"column":0},"end":{"line":10,"column":57}},"10":{"start":{"line":11,"column":0},"end":{"line":11,"column":23}},"11":{"start":{"line":12,"column":0},"end":{"line":12,"column":44}},"12":{"start":{"line":13,"column":0},"end":{"line":13,"column":15}},"13":{"start":{"line":14,"column":0},"end":{"line":14,"column":5}},"16":{"start":{"line":17,"column":0},"end":{"line":17,"column":28}},"17":{"start":{"line":18,"column":0},"end":{"line":18,"column":31}},"20":{"start":{"line":21,"column":0},"end":{"line":21,"column":34}},"21":{"start":{"line":22,"column":0},"end":{"line":22,"column":65}},"22":{"start":{"line":23,"column":0},"end":{"line":23,"column":5}},"25":{"start":{"line":26,"column":0},"end":{"line":26,"column":28}},"26":{"start":{"line":27,"column":0},"end":{"line":27,"column":12}},"27":{"start":{"line":28,"column":0},"end":{"line":28,"column":42}},"28":{"start":{"line":29,"column":0},"end":{"line":29,"column":23}},"29":{"start":{"line":30,"column":0},"end":{"line":30,"column":18}},"30":{"start":{"line":31,"column":0},"end":{"line":31,"column":88}},"31":{"start":{"line":32,"column":0},"end":{"line":32,"column":18}},"32":{"start":{"line":33,"column":0},"end":{"line":33,"column":17}},"33":{"start":{"line":34,"column":0},"end":{"line":34,"column":49}},"34":{"start":{"line":35,"column":0},"end":{"line":35,"column":60}},"35":{"start":{"line":36,"column":0},"end":{"line":36,"column":63}},"36":{"start":{"line":37,"column":0},"end":{"line":37,"column":53}},"37":{"start":{"line":38,"column":0},"end":{"line":38,"column":47}},"38":{"start":{"line":39,"column":0},"end":{"line":39,"column":73}},"39":{"start":{"line":40,"column":0},"end":{"line":40,"column":64}},"40":{"start":{"line":41,"column":0},"end":{"line":41,"column":50}},"41":{"start":{"line":42,"column":0},"end":{"line":42,"column":10}},"42":{"start":{"line":43,"column":0},"end":{"line":43,"column":20}},"43":{"start":{"line":44,"column":0},"end":{"line":44,"column":43}},"44":{"start":{"line":45,"column":0},"end":{"line":45,"column":57}},"45":{"start":{"line":46,"column":0},"end":{"line":46,"column":10}},"46":{"start":{"line":47,"column":0},"end":{"line":47,"column":17}},"47":{"start":{"line":48,"column":0},"end":{"line":48,"column":50}},"48":{"start":{"line":49,"column":0},"end":{"line":49,"column":10}},"49":{"start":{"line":50,"column":0},"end":{"line":50,"column":8}},"50":{"start":{"line":51,"column":0},"end":{"line":51,"column":6}},"51":{"start":{"line":52,"column":0},"end":{"line":52,"column":5}},"53":{"start":{"line":54,"column":0},"end":{"line":54,"column":13}},"54":{"start":{"line":55,"column":0},"end":{"line":55,"column":1}}},"s":{"0":1,"9":1,"10":5,"11":5,"12":5,"13":5,"16":5,"17":5,"20":5,"21":1,"22":5,"25":5,"26":1,"27":1,"28":1,"29":1,"30":1,"31":1,"32":1,"33":1,"34":1,"35":1,"36":1,"37":1,"38":1,"39":1,"40":1,"41":1,"42":1,"43":1,"44":1,"45":1,"46":1,"47":1,"48":1,"49":1,"50":1,"51":5,"53":5,"54":5},"branchMap":{"0":{"type":"branch","line":10,"loc":{"start":{"line":10,"column":7},"end":{"line":55,"column":1}},"locations":[{"start":{"line":10,"column":7},"end":{"line":55,"column":1}}]},"1":{"type":"branch","line":21,"loc":{"start":{"line":21,"column":21},"end":{"line":23,"column":3}},"locations":[{"start":{"line":21,"column":21},"end":{"line":23,"column":3}}]},"2":{"type":"branch","line":26,"loc":{"start":{"line":26,"column":15},"end":{"line":52,"column":3}},"locations":[{"start":{"line":26,"column":15},"end":{"line":52,"column":3}}]}},"b":{"0":[5],"1":[1],"2":[1]},"fnMap":{"0":{"name":"buildApp","decl":{"start":{"line":10,"column":7},"end":{"line":55,"column":1}},"loc":{"start":{"line":10,"column":7},"end":{"line":55,"column":1}},"line":10}},"f":{"0":5}}
,"/Users/Projetos/golden-raspberry-api/src/database/connection.ts": {"path":"/Users/Projetos/golden-raspberry-api/src/database/connection.ts","all":false,"statementMap":{"0":{"start":{"line":1,"column":0},"end":{"line":1,"column":38}},"7":{"start":{"line":8,"column":0},"end":{"line":8,"column":40}},"13":{"start":{"line":14,"column":0},"end":{"line":14,"column":50}},"14":{"start":{"line":15,"column":0},"end":{"line":15,"column":12}},"15":{"start":{"line":16,"column":0},"end":{"line":16,"column":34}},"16":{"start":{"line":17,"column":0},"end":{"line":17,"column":36}},"17":{"start":{"line":18,"column":0},"end":{"line":18,"column":3}},"18":{"start":{"line":19,"column":0},"end":{"line":19,"column":12}},"19":{"start":{"line":20,"column":0},"end":{"line":20,"column":1}},"25":{"start":{"line":26,"column":0},"end":{"line":26,"column":39}},"26":{"start":{"line":27,"column":0},"end":{"line":27,"column":11}},"27":{"start":{"line":28,"column":0},"end":{"line":28,"column":15}},"28":{"start":{"line":29,"column":0},"end":{"line":29,"column":14}},"29":{"start":{"line":30,"column":0},"end":{"line":30,"column":3}},"30":{"start":{"line":31,"column":0},"end":{"line":31,"column":1}},"36":{"start":{"line":37,"column":0},"end":{"line":37,"column":39}},"37":{"start":{"line":38,"column":0},"end":{"line":38,"column":18}},"38":{"start":{"line":39,"column":0},"end":{"line":39,"column":1}}},"s":{"0":1,"7":1,"13":1,"14":266,"15":71,"16":71,"17":71,"18":266,"19":266,"25":1,"26":74,"27":68,"28":68,"29":68,"30":74,"36":1,"37":74,"38":74},"branchMap":{"0":{"type":"branch","line":14,"loc":{"start":{"line":14,"column":7},"end":{"line":20,"column":1}},"locations":[{"start":{"line":14,"column":7},"end":{"line":20,"column":1}}]},"1":{"type":"branch","line":15,"loc":{"start":{"line":15,"column":11},"end":{"line":18,"column":3}},"locations":[{"start":{"line":15,"column":11},"end":{"line":18,"column":3}}]},"2":{"type":"branch","line":26,"loc":{"start":{"line":26,"column":7},"end":{"line":31,"column":1}},"locations":[{"start":{"line":26,"column":7},"end":{"line":31,"column":1}}]},"3":{"type":"branch","line":27,"loc":{"start":{"line":27,"column":10},"end":{"line":30,"column":3}},"locations":[{"start":{"line":27,"column":10},"end":{"line":30,"column":3}}]},"4":{"type":"branch","line":37,"loc":{"start":{"line":37,"column":7},"end":{"line":39,"column":1}},"locations":[{"start":{"line":37,"column":7},"end":{"line":39,"column":1}}]}},"b":{"0":[266],"1":[71],"2":[74],"3":[68],"4":[74]},"fnMap":{"0":{"name":"getDatabase","decl":{"start":{"line":14,"column":7},"end":{"line":20,"column":1}},"loc":{"start":{"line":14,"column":7},"end":{"line":20,"column":1}},"line":14},"1":{"name":"closeDatabase","decl":{"start":{"line":26,"column":7},"end":{"line":31,"column":1}},"loc":{"start":{"line":26,"column":7},"end":{"line":31,"column":1}},"line":26},"2":{"name":"resetDatabase","decl":{"start":{"line":37,"column":7},"end":{"line":39,"column":1}},"loc":{"start":{"line":37,"column":7},"end":{"line":39,"column":1}},"line":37}},"f":{"0":266,"1":74,"2":74}}
,"/Users/Projetos/golden-raspberry-api/src/database/schema.ts": {"path":"/Users/Projetos/golden-raspberry-api/src/database/schema.ts","all":false,"statementMap":{"0":{"start":{"line":1,"column":0},"end":{"line":1,"column":46}},"2":{"start":{"line":3,"column":0},"end":{"line":3,"column":38}},"3":{"start":{"line":4,"column":0},"end":{"line":4,"column":27}},"5":{"start":{"line":6,"column":0},"end":{"line":6,"column":11}},"14":{"start":{"line":15,"column":0},"end":{"line":15,"column":5}},"17":{"start":{"line":18,"column":0},"end":{"line":18,"column":11}},"19":{"start":{"line":20,"column":0},"end":{"line":20,"column":5}},"22":{"start":{"line":23,"column":0},"end":{"line":23,"column":11}},"24":{"start":{"line":25,"column":0},"end":{"line":25,"column":5}},"25":{"start":{"line":26,"column":0},"end":{"line":26,"column":1}},"27":{"start":{"line":28,"column":0},"end":{"line":28,"column":36}},"28":{"start":{"line":29,"column":0},"end":{"line":29,"column":27}},"29":{"start":{"line":30,"column":0},"end":{"line":30,"column":41}},"30":{"start":{"line":31,"column":0},"end":{"line":31,"column":1}}},"s":{"0":1,"2":1,"3":130,"5":130,"14":130,"17":130,"19":130,"22":130,"24":130,"25":130,"27":1,"28":1,"29":1,"30":1},"branchMap":{"0":{"type":"branch","line":3,"loc":{"start":{"line":3,"column":7},"end":{"line":26,"column":1}},"locations":[{"start":{"line":3,"column":7},"end":{"line":26,"column":1}}]},"1":{"type":"branch","line":28,"loc":{"start":{"line":28,"column":7},"end":{"line":31,"column":1}},"locations":[{"start":{"line":28,"column":7},"end":{"line":31,"column":1}}]}},"b":{"0":[130],"1":[1]},"fnMap":{"0":{"name":"createTables","decl":{"start":{"line":3,"column":7},"end":{"line":26,"column":1}},"loc":{"start":{"line":3,"column":7},"end":{"line":26,"column":1}},"line":3},"1":{"name":"dropTables","decl":{"start":{"line":28,"column":7},"end":{"line":31,"column":1}},"loc":{"start":{"line":28,"column":7},"end":{"line":31,"column":1}},"line":28}},"f":{"0":130,"1":1}}
,"/Users/Projetos/golden-raspberry-api/src/database/seed.ts": {"path":"/Users/Projetos/golden-raspberry-api/src/database/seed.ts","all":false,"statementMap":{"0":{"start":{"line":1,"column":0},"end":{"line":1,"column":39}},"10":{"start":{"line":11,"column":0},"end":{"line":11,"column":52}},"11":{"start":{"line":12,"column":0},"end":{"line":12,"column":27}},"14":{"start":{"line":15,"column":0},"end":{"line":15,"column":17}},"16":{"start":{"line":17,"column":0},"end":{"line":17,"column":52}},"19":{"start":{"line":20,"column":0},"end":{"line":20,"column":55}},"20":{"start":{"line":21,"column":0},"end":{"line":21,"column":18}},"21":{"start":{"line":22,"column":0},"end":{"line":22,"column":19}},"22":{"start":{"line":23,"column":0},"end":{"line":23,"column":27}},"23":{"start":{"line":24,"column":0},"end":{"line":24,"column":15}},"24":{"start":{"line":25,"column":0},"end":{"line":25,"column":5}},"27":{"start":{"line":28,"column":0},"end":{"line":28,"column":33}},"30":{"start":{"line":31,"column":0},"end":{"line":31,"column":5}},"33":{"start":{"line":34,"column":0},"end":{"line":34,"column":68}},"34":{"start":{"line":35,"column":0},"end":{"line":35,"column":35}},"35":{"start":{"line":36,"column":0},"end":{"line":36,"column":70}},"37":{"start":{"line":38,"column":0},"end":{"line":38,"column":21}},"38":{"start":{"line":39,"column":0},"end":{"line":39,"column":34}},"39":{"start":{"line":40,"column":0},"end":{"line":40,"column":21}},"40":{"start":{"line":41,"column":0},"end":{"line":41,"column":23}},"41":{"start":{"line":42,"column":0},"end":{"line":42,"column":25}},"42":{"start":{"line":43,"column":0},"end":{"line":43,"column":17}},"43":{"start":{"line":44,"column":0},"end":{"line":44,"column":8}},"44":{"start":{"line":45,"column":0},"end":{"line":45,"column":5}},"45":{"start":{"line":46,"column":0},"end":{"line":46,"column":5}},"47":{"start":{"line":48,"column":0},"end":{"line":48,"column":22}},"48":{"start":{"line":49,"column":0},"end":{"line":49,"column":1}},"54":{"start":{"line":55,"column":0},"end":{"line":55,"column":61}},"55":{"start":{"line":56,"column":0},"end":{"line":56,"column":27}},"57":{"start":{"line":58,"column":0},"end":{"line":58,"column":17}},"59":{"start":{"line":60,"column":0},"end":{"line":60,"column":55}},"60":{"start":{"line":61,"column":0},"end":{"line":61,"column":18}},"61":{"start":{"line":62,"column":0},"end":{"line":62,"column":19}},"62":{"start":{"line":63,"column":0},"end":{"line":63,"column":27}},"63":{"start":{"line":64,"column":0},"end":{"line":64,"column":15}},"64":{"start":{"line":65,"column":0},"end":{"line":65,"column":5}},"67":{"start":{"line":68,"column":0},"end":{"line":68,"column":33}},"70":{"start":{"line":71,"column":0},"end":{"line":71,"column":5}},"73":{"start":{"line":74,"column":0},"end":{"line":74,"column":68}},"74":{"start":{"line":75,"column":0},"end":{"line":75,"column":35}},"75":{"start":{"line":76,"column":0},"end":{"line":76,"column":70}},"77":{"start":{"line":78,"column":0},"end":{"line":78,"column":21}},"78":{"start":{"line":79,"column":0},"end":{"line":79,"column":34}},"79":{"start":{"line":80,"column":0},"end":{"line":80,"column":21}},"80":{"start":{"line":81,"column":0},"end":{"line":81,"column":23}},"81":{"start":{"line":82,"column":0},"end":{"line":82,"column":25}},"82":{"start":{"line":83,"column":0},"end":{"line":83,"column":17}},"83":{"start":{"line":84,"column":0},"end":{"line":84,"column":8}},"84":{"start":{"line":85,"column":0},"end":{"line":85,"column":5}},"85":{"start":{"line":86,"column":0},"end":{"line":86,"column":5}},"87":{"start":{"line":88,"column":0},"end":{"line":88,"column":22}},"88":{"start":{"line":89,"column":0},"end":{"line":89,"column":1}}},"s":{"0":1,"10":1,"11":2,"14":2,"16":2,"19":2,"20":2,"21":2,"22":2,"23":2,"24":2,"27":2,"30":2,"33":2,"34":1,"35":206,"37":206,"38":206,"39":206,"40":206,"41":206,"42":206,"43":206,"44":206,"45":2,"47":2,"48":2,"54":1,"55":57,"57":57,"59":57,"60":57,"61":57,"62":57,"63":57,"64":57,"67":57,"70":57,"73":57,"74":57,"75":312,"77":312,"78":312,"79":312,"80":312,"81":312,"82":312,"83":312,"84":312,"85":57,"87":57,"88":57},"branchMap":{"0":{"type":"branch","line":11,"loc":{"start":{"line":11,"column":7},"end":{"line":49,"column":1}},"locations":[{"start":{"line":11,"column":7},"end":{"line":49,"column":1}}]},"1":{"type":"branch","line":34,"loc":{"start":{"line":34,"column":36},"end":{"line":46,"column":3}},"locations":[{"start":{"line":34,"column":36},"end":{"line":46,"column":3}}]},"2":{"type":"branch","line":35,"loc":{"start":{"line":35,"column":34},"end":{"line":45,"column":5}},"locations":[{"start":{"line":35,"column":34},"end":{"line":45,"column":5}}]},"3":{"type":"branch","line":36,"loc":{"start":{"line":36,"column":56},"end":{"line":36,"column":68}},"locations":[{"start":{"line":36,"column":56},"end":{"line":36,"column":68}}]},"4":{"type":"branch","line":36,"loc":{"start":{"line":36,"column":64},"end":{"line":36,"column":70}},"locations":[{"start":{"line":36,"column":64},"end":{"line":36,"column":70}}]},"5":{"type":"branch","line":55,"loc":{"start":{"line":55,"column":7},"end":{"line":89,"column":1}},"locations":[{"start":{"line":55,"column":7},"end":{"line":89,"column":1}}]},"6":{"type":"branch","line":74,"loc":{"start":{"line":74,"column":36},"end":{"line":86,"column":3}},"locations":[{"start":{"line":74,"column":36},"end":{"line":86,"column":3}}]},"7":{"type":"branch","line":75,"loc":{"start":{"line":75,"column":34},"end":{"line":85,"column":5}},"locations":[{"start":{"line":75,"column":34},"end":{"line":85,"column":5}}]},"8":{"type":"branch","line":76,"loc":{"start":{"line":76,"column":56},"end":{"line":76,"column":68}},"locations":[{"start":{"line":76,"column":56},"end":{"line":76,"column":68}}]},"9":{"type":"branch","line":76,"loc":{"start":{"line":76,"column":64},"end":{"line":76,"column":70}},"locations":[{"start":{"line":76,"column":64},"end":{"line":76,"column":70}}]}},"b":{"0":[2],"1":[1],"2":[206],"3":[42],"4":[164],"5":[57],"6":[57],"7":[312],"8":[261],"9":[51]},"fnMap":{"0":{"name":"loadCSVData","decl":{"start":{"line":11,"column":7},"end":{"line":49,"column":1}},"loc":{"start":{"line":11,"column":7},"end":{"line":49,"column":1}},"line":11},"1":{"name":"loadCSVFromString","decl":{"start":{"line":55,"column":7},"end":{"line":89,"column":1}},"loc":{"start":{"line":55,"column":7},"end":{"line":89,"column":1}},"line":55}},"f":{"0":2,"1":57}}
,"/Users/Projetos/golden-raspberry-api/src/routes/movieRoutes.ts": {"path":"/Users/Projetos/golden-raspberry-api/src/routes/movieRoutes.ts","all":false,"statementMap":{"0":{"start":{"line":1,"column":0},"end":{"line":1,"column":72}},"20":{"start":{"line":21,"column":0},"end":{"line":21,"column":76}},"25":{"start":{"line":26,"column":0},"end":{"line":26,"column":43}},"26":{"start":{"line":27,"column":0},"end":{"line":27,"column":14}},"27":{"start":{"line":28,"column":0},"end":{"line":28,"column":11}},"28":{"start":{"line":29,"column":0},"end":{"line":29,"column":59}},"29":{"start":{"line":30,"column":0},"end":{"line":30,"column":26}},"30":{"start":{"line":31,"column":0},"end":{"line":31,"column":10}},"31":{"start":{"line":32,"column":0},"end":{"line":32,"column":45}},"34":{"start":{"line":35,"column":0},"end":{"line":35,"column":17}},"35":{"start":{"line":36,"column":0},"end":{"line":36,"column":43}},"36":{"start":{"line":37,"column":0},"end":{"line":37,"column":29}},"37":{"start":{"line":38,"column":0},"end":{"line":38,"column":77}},"38":{"start":{"line":39,"column":0},"end":{"line":39,"column":9}},"39":{"start":{"line":40,"column":0},"end":{"line":40,"column":47}},"40":{"start":{"line":41,"column":0},"end":{"line":41,"column":7}},"43":{"start":{"line":44,"column":0},"end":{"line":44,"column":30}},"44":{"start":{"line":45,"column":0},"end":{"line":45,"column":41}},"45":{"start":{"line":46,"column":0},"end":{"line":46,"column":7}},"48":{"start":{"line":49,"column":0},"end":{"line":49,"column":35}},"49":{"start":{"line":50,"column":0},"end":{"line":50,"column":6}},"50":{"start":{"line":51,"column":0},"end":{"line":51,"column":4}},"56":{"start":{"line":57,"column":0},"end":{"line":57,"column":36}},"57":{"start":{"line":58,"column":0},"end":{"line":58,"column":18}},"58":{"start":{"line":59,"column":0},"end":{"line":59,"column":11}},"59":{"start":{"line":60,"column":0},"end":{"line":60,"column":52}},"60":{"start":{"line":61,"column":0},"end":{"line":61,"column":26}},"61":{"start":{"line":62,"column":0},"end":{"line":62,"column":10}},"62":{"start":{"line":63,"column":0},"end":{"line":63,"column":49}},"64":{"start":{"line":65,"column":0},"end":{"line":65,"column":22}},"65":{"start":{"line":66,"column":0},"end":{"line":66,"column":73}},"66":{"start":{"line":67,"column":0},"end":{"line":67,"column":7}},"68":{"start":{"line":69,"column":0},"end":{"line":69,"column":45}},"70":{"start":{"line":71,"column":0},"end":{"line":71,"column":19}},"71":{"start":{"line":72,"column":0},"end":{"line":72,"column":68}},"72":{"start":{"line":73,"column":0},"end":{"line":73,"column":7}},"74":{"start":{"line":75,"column":0},"end":{"line":75,"column":19}},"75":{"start":{"line":76,"column":0},"end":{"line":76,"column":6}},"76":{"start":{"line":77,"column":0},"end":{"line":77,"column":4}},"82":{"start":{"line":83,"column":0},"end":{"line":83,"column":36}},"83":{"start":{"line":84,"column":0},"end":{"line":84,"column":14}},"84":{"start":{"line":85,"column":0},"end":{"line":85,"column":11}},"85":{"start":{"line":86,"column":0},"end":{"line":86,"column":51}},"86":{"start":{"line":87,"column":0},"end":{"line":87,"column":26}},"87":{"start":{"line":88,"column":0},"end":{"line":88,"column":10}},"88":{"start":{"line":89,"column":0},"end":{"line":89,"column":79}},"90":{"start":{"line":91,"column":0},"end":{"line":91,"column":54}},"91":{"start":{"line":92,"column":0},"end":{"line":92,"column":39}},"92":{"start":{"line":93,"column":0},"end":{"line":93,"column":76}},"93":{"start":{"line":94,"column":0},"end":{"line":94,"column":11}},"94":{"start":{"line":95,"column":0},"end":{"line":95,"column":7}},"96":{"start":{"line":97,"column":0},"end":{"line":97,"column":41}},"97":{"start":{"line":98,"column":0},"end":{"line":98,"column":13}},"98":{"start":{"line":99,"column":0},"end":{"line":99,"column":14}},"99":{"start":{"line":100,"column":0},"end":{"line":100,"column":16}},"100":{"start":{"line":101,"column":0},"end":{"line":101,"column":18}},"101":{"start":{"line":102,"column":0},"end":{"line":102,"column":15}},"102":{"start":{"line":103,"column":0},"end":{"line":103,"column":9}},"104":{"start":{"line":105,"column":0},"end":{"line":105,"column":43}},"105":{"start":{"line":106,"column":0},"end":{"line":106,"column":6}},"106":{"start":{"line":107,"column":0},"end":{"line":107,"column":4}},"112":{"start":{"line":113,"column":0},"end":{"line":113,"column":53}},"113":{"start":{"line":114,"column":0},"end":{"line":114,"column":18}},"114":{"start":{"line":115,"column":0},"end":{"line":115,"column":11}},"115":{"start":{"line":116,"column":0},"end":{"line":116,"column":69}},"116":{"start":{"line":117,"column":0},"end":{"line":117,"column":26}},"117":{"start":{"line":118,"column":0},"end":{"line":118,"column":10}},"118":{"start":{"line":119,"column":0},"end":{"line":119,"column":49}},"120":{"start":{"line":121,"column":0},"end":{"line":121,"column":22}},"121":{"start":{"line":122,"column":0},"end":{"line":122,"column":73}},"122":{"start":{"line":123,"column":0},"end":{"line":123,"column":7}},"124":{"start":{"line":125,"column":0},"end":{"line":125,"column":79}},"126":{"start":{"line":127,"column":0},"end":{"line":127,"column":54}},"127":{"start":{"line":128,"column":0},"end":{"line":128,"column":39}},"128":{"start":{"line":129,"column":0},"end":{"line":129,"column":76}},"129":{"start":{"line":130,"column":0},"end":{"line":130,"column":11}},"130":{"start":{"line":131,"column":0},"end":{"line":131,"column":7}},"132":{"start":{"line":133,"column":0},"end":{"line":133,"column":45}},"133":{"start":{"line":134,"column":0},"end":{"line":134,"column":13}},"134":{"start":{"line":135,"column":0},"end":{"line":135,"column":14}},"135":{"start":{"line":136,"column":0},"end":{"line":136,"column":16}},"136":{"start":{"line":137,"column":0},"end":{"line":137,"column":18}},"137":{"start":{"line":138,"column":0},"end":{"line":138,"column":15}},"138":{"start":{"line":139,"column":0},"end":{"line":139,"column":9}},"140":{"start":{"line":141,"column":0},"end":{"line":141,"column":19}},"141":{"start":{"line":142,"column":0},"end":{"line":142,"column":68}},"142":{"start":{"line":143,"column":0},"end":{"line":143,"column":7}},"144":{"start":{"line":145,"column":0},"end":{"line":145,"column":19}},"145":{"start":{"line":146,"column":0},"end":{"line":146,"column":6}},"146":{"start":{"line":147,"column":0},"end":{"line":147,"column":4}},"152":{"start":{"line":153,"column":0},"end":{"line":153,"column":64}},"153":{"start":{"line":154,"column":0},"end":{"line":154,"column":18}},"154":{"start":{"line":155,"column":0},"end":{"line":155,"column":11}},"155":{"start":{"line":156,"column":0},"end":{"line":156,"column":78}},"156":{"start":{"line":157,"column":0},"end":{"line":157,"column":26}},"157":{"start":{"line":158,"column":0},"end":{"line":158,"column":10}},"158":{"start":{"line":159,"column":0},"end":{"line":159,"column":49}},"160":{"start":{"line":161,"column":0},"end":{"line":161,"column":22}},"161":{"start":{"line":162,"column":0},"end":{"line":162,"column":73}},"162":{"start":{"line":163,"column":0},"end":{"line":163,"column":7}},"164":{"start":{"line":165,"column":0},"end":{"line":165,"column":58}},"166":{"start":{"line":167,"column":0},"end":{"line":167,"column":19}},"167":{"start":{"line":168,"column":0},"end":{"line":168,"column":68}},"168":{"start":{"line":169,"column":0},"end":{"line":169,"column":7}},"170":{"start":{"line":171,"column":0},"end":{"line":171,"column":19}},"171":{"start":{"line":172,"column":0},"end":{"line":172,"column":6}},"172":{"start":{"line":173,"column":0},"end":{"line":173,"column":4}},"178":{"start":{"line":179,"column":0},"end":{"line":179,"column":39}},"179":{"start":{"line":180,"column":0},"end":{"line":180,"column":18}},"180":{"start":{"line":181,"column":0},"end":{"line":181,"column":11}},"181":{"start":{"line":182,"column":0},"end":{"line":182,"column":52}},"182":{"start":{"line":183,"column":0},"end":{"line":183,"column":26}},"183":{"start":{"line":184,"column":0},"end":{"line":184,"column":10}},"184":{"start":{"line":185,"column":0},"end":{"line":185,"column":49}},"186":{"start":{"line":187,"column":0},"end":{"line":187,"column":22}},"187":{"start":{"line":188,"column":0},"end":{"line":188,"column":73}},"188":{"start":{"line":189,"column":0},"end":{"line":189,"column":7}},"190":{"start":{"line":191,"column":0},"end":{"line":191,"column":46}},"192":{"start":{"line":193,"column":0},"end":{"line":193,"column":21}},"193":{"start":{"line":194,"column":0},"end":{"line":194,"column":68}},"194":{"start":{"line":195,"column":0},"end":{"line":195,"column":7}},"196":{"start":{"line":197,"column":0},"end":{"line":197,"column":38}},"197":{"start":{"line":198,"column":0},"end":{"line":198,"column":6}},"198":{"start":{"line":199,"column":0},"end":{"line":199,"column":4}},"199":{"start":{"line":200,"column":0},"end":{"line":200,"column":1}}},"s":{"0":1,"20":5,"25":5,"26":5,"27":5,"28":4,"29":4,"30":4,"31":4,"34":4,"35":2,"36":2,"37":1,"38":1,"39":1,"40":1,"43":4,"44":1,"45":1,"48":1,"49":4,"50":5,"56":5,"57":5,"58":5,"59":6,"60":6,"61":6,"62":6,"64":6,"65":1,"66":1,"68":5,"70":6,"71":4,"72":4,"74":1,"75":6,"76":5,"82":5,"83":5,"84":5,"85":5,"86":5,"87":5,"88":5,"90":5,"91":2,"92":2,"93":2,"94":2,"96":3,"97":3,"98":3,"99":3,"100":3,"101":3,"102":3,"104":3,"105":5,"106":5,"112":5,"113":5,"114":5,"115":14,"116":14,"117":14,"118":14,"120":14,"121":3,"122":3,"124":11,"126":14,"127":6,"128":6,"129":6,"130":6,"132":5,"133":5,"134":5,"135":5,"136":5,"137":5,"138":5,"140":14,"141":3,"142":3,"144":2,"145":14,"146":5,"152":5,"153":5,"154":5,"155":10,"156":10,"157":10,"158":10,"160":10,"161":3,"162":3,"164":7,"166":10,"167":4,"168":4,"170":3,"171":10,"172":5,"178":5,"179":5,"180":5,"181":8,"182":8,"183":8,"184":8,"186":8,"187":3,"188":3,"190":5,"192":8,"193":3,"194":3,"196":2,"197":8,"198":5,"199":5},"branchMap":{"0":{"type":"branch","line":21,"loc":{"start":{"line":21,"column":0},"end":{"line":200,"column":1}},"locations":[{"start":{"line":21,"column":0},"end":{"line":200,"column":1}}]},"1":{"type":"branch","line":28,"loc":{"start":{"line":28,"column":4},"end":{"line":50,"column":6}},"locations":[{"start":{"line":28,"column":4},"end":{"line":50,"column":6}}]},"2":{"type":"branch","line":35,"loc":{"start":{"line":35,"column":16},"end":{"line":44,"column":29}},"locations":[{"start":{"line":35,"column":16},"end":{"line":44,"column":29}}]},"3":{"type":"branch","line":37,"loc":{"start":{"line":37,"column":28},"end":{"line":41,"column":7}},"locations":[{"start":{"line":37,"column":28},"end":{"line":41,"column":7}}]},"4":{"type":"branch","line":44,"loc":{"start":{"line":44,"column":29},"end":{"line":49,"column":35}},"locations":[{"start":{"line":44,"column":29},"end":{"line":49,"column":35}}]},"5":{"type":"branch","line":59,"loc":{"start":{"line":59,"column":4},"end":{"line":76,"column":6}},"locations":[{"start":{"line":59,"column":4},"end":{"line":76,"column":6}}]},"6":{"type":"branch","line":65,"loc":{"start":{"line":65,"column":21},"end":{"line":67,"column":7}},"locations":[{"start":{"line":65,"column":21},"end":{"line":67,"column":7}}]},"7":{"type":"branch","line":67,"loc":{"start":{"line":67,"column":6},"end":{"line":71,"column":18}},"locations":[{"start":{"line":67,"column":6},"end":{"line":71,"column":18}}]},"8":{"type":"branch","line":71,"loc":{"start":{"line":71,"column":18},"end":{"line":73,"column":7}},"locations":[{"start":{"line":71,"column":18},"end":{"line":73,"column":7}}]},"9":{"type":"branch","line":73,"loc":{"start":{"line":73,"column":6},"end":{"line":75,"column":19}},"locations":[{"start":{"line":73,"column":6},"end":{"line":75,"column":19}}]},"10":{"type":"branch","line":85,"loc":{"start":{"line":85,"column":4},"end":{"line":106,"column":6}},"locations":[{"start":{"line":85,"column":4},"end":{"line":106,"column":6}}]},"11":{"type":"branch","line":91,"loc":{"start":{"line":91,"column":11},"end":{"line":91,"column":29}},"locations":[{"start":{"line":91,"column":11},"end":{"line":91,"column":29}}]},"12":{"type":"branch","line":91,"loc":{"start":{"line":91,"column":20},"end":{"line":91,"column":41}},"locations":[{"start":{"line":91,"column":20},"end":{"line":91,"column":41}}]},"13":{"type":"branch","line":91,"loc":{"start":{"line":91,"column":30},"end":{"line":91,"column":53}},"locations":[{"start":{"line":91,"column":30},"end":{"line":91,"column":53}}]},"14":{"type":"branch","line":91,"loc":{"start":{"line":91,"column":53},"end":{"line":95,"column":7}},"locations":[{"start":{"line":91,"column":53},"end":{"line":95,"column":7}}]},"15":{"type":"branch","line":95,"loc":{"start":{"line":95,"column":6},"end":{"line":105,"column":43}},"locations":[{"start":{"line":95,"column":6},"end":{"line":105,"column":43}}]},"16":{"type":"branch","line":115,"loc":{"start":{"line":115,"column":4},"end":{"line":146,"column":6}},"locations":[{"start":{"line":115,"column":4},"end":{"line":146,"column":6}}]},"17":{"type":"branch","line":121,"loc":{"start":{"line":121,"column":21},"end":{"line":123,"column":7}},"locations":[{"start":{"line":121,"column":21},"end":{"line":123,"column":7}}]},"18":{"type":"branch","line":123,"loc":{"start":{"line":123,"column":6},"end":{"line":127,"column":19}},"locations":[{"start":{"line":123,"column":6},"end":{"line":127,"column":19}}]},"19":{"type":"branch","line":127,"loc":{"start":{"line":127,"column":11},"end":{"line":127,"column":29}},"locations":[{"start":{"line":127,"column":11},"end":{"line":127,"column":29}}]},"20":{"type":"branch","line":127,"loc":{"start":{"line":127,"column":20},"end":{"line":127,"column":41}},"locations":[{"start":{"line":127,"column":20},"end":{"line":127,"column":41}}]},"21":{"type":"branch","line":127,"loc":{"start":{"line":127,"column":30},"end":{"line":127,"column":53}},"locations":[{"start":{"line":127,"column":30},"end":{"line":127,"column":53}}]},"22":{"type":"branch","line":127,"loc":{"start":{"line":127,"column":53},"end":{"line":131,"column":7}},"locations":[{"start":{"line":127,"column":53},"end":{"line":131,"column":7}}]},"23":{"type":"branch","line":131,"loc":{"start":{"line":131,"column":6},"end":{"line":141,"column":18}},"locations":[{"start":{"line":131,"column":6},"end":{"line":141,"column":18}}]},"24":{"type":"branch","line":141,"loc":{"start":{"line":141,"column":18},"end":{"line":143,"column":7}},"locations":[{"start":{"line":141,"column":18},"end":{"line":143,"column":7}}]},"25":{"type":"branch","line":143,"loc":{"start":{"line":143,"column":6},"end":{"line":145,"column":19}},"locations":[{"start":{"line":143,"column":6},"end":{"line":145,"column":19}}]},"26":{"type":"branch","line":155,"loc":{"start":{"line":155,"column":4},"end":{"line":172,"column":6}},"locations":[{"start":{"line":155,"column":4},"end":{"line":172,"column":6}}]},"27":{"type":"branch","line":161,"loc":{"start":{"line":161,"column":21},"end":{"line":163,"column":7}},"locations":[{"start":{"line":161,"column":21},"end":{"line":163,"column":7}}]},"28":{"type":"branch","line":163,"loc":{"start":{"line":163,"column":6},"end":{"line":167,"column":18}},"locations":[{"start":{"line":163,"column":6},"end":{"line":167,"column":18}}]},"29":{"type":"branch","line":167,"loc":{"start":{"line":167,"column":18},"end":{"line":169,"column":7}},"locations":[{"start":{"line":167,"column":18},"end":{"line":169,"column":7}}]},"30":{"type":"branch","line":169,"loc":{"start":{"line":169,"column":6},"end":{"line":171,"column":19}},"locations":[{"start":{"line":169,"column":6},"end":{"line":171,"column":19}}]},"31":{"type":"branch","line":181,"loc":{"start":{"line":181,"column":4},"end":{"line":198,"column":6}},"locations":[{"start":{"line":181,"column":4},"end":{"line":198,"column":6}}]},"32":{"type":"branch","line":187,"loc":{"start":{"line":187,"column":21},"end":{"line":189,"column":7}},"locations":[{"start":{"line":187,"column":21},"end":{"line":189,"column":7}}]},"33":{"type":"branch","line":189,"loc":{"start":{"line":189,"column":6},"end":{"line":193,"column":20}},"locations":[{"start":{"line":189,"column":6},"end":{"line":193,"column":20}}]},"34":{"type":"branch","line":193,"loc":{"start":{"line":193,"column":20},"end":{"line":195,"column":7}},"locations":[{"start":{"line":193,"column":20},"end":{"line":195,"column":7}}]},"35":{"type":"branch","line":195,"loc":{"start":{"line":195,"column":6},"end":{"line":197,"column":38}},"locations":[{"start":{"line":195,"column":6},"end":{"line":197,"column":38}}]}},"b":{"0":[5],"1":[4],"2":[2],"3":[1],"4":[1],"5":[6],"6":[1],"7":[5],"8":[4],"9":[1],"10":[5],"11":[4],"12":[3],"13":[3],"14":[2],"15":[3],"16":[14],"17":[3],"18":[11],"19":[9],"20":[7],"21":[6],"22":[6],"23":[5],"24":[3],"25":[2],"26":[10],"27":[3],"28":[7],"29":[4],"30":[3],"31":[8],"32":[3],"33":[5],"34":[3],"35":[2]},"fnMap":{"0":{"name":"movieRoutes","decl":{"start":{"line":21,"column":0},"end":{"line":200,"column":1}},"loc":{"start":{"line":21,"column":0},"end":{"line":200,"column":1}},"line":21}},"f":{"0":5}}
,"/Users/Projetos/golden-raspberry-api/src/routes/producerRoutes.ts": {"path":"/Users/Projetos/golden-raspberry-api/src/routes/producerRoutes.ts","all":false,"statementMap":{"0":{"start":{"line":1,"column":0},"end":{"line":1,"column":72}},"6":{"start":{"line":7,"column":0},"end":{"line":7,"column":79}},"7":{"start":{"line":8,"column":0},"end":{"line":8,"column":14}},"8":{"start":{"line":9,"column":0},"end":{"line":9,"column":33}},"9":{"start":{"line":10,"column":0},"end":{"line":10,"column":63}},"10":{"start":{"line":11,"column":0},"end":{"line":11,"column":54}},"11":{"start":{"line":12,"column":0},"end":{"line":12,"column":6}},"12":{"start":{"line":13,"column":0},"end":{"line":13,"column":4}},"13":{"start":{"line":14,"column":0},"end":{"line":14,"column":1}}},"s":{"0":1,"6":5,"7":5,"8":5,"9":5,"10":11,"11":11,"12":5,"13":5},"branchMap":{"0":{"type":"branch","line":7,"loc":{"start":{"line":7,"column":0},"end":{"line":14,"column":1}},"locations":[{"start":{"line":7,"column":0},"end":{"line":14,"column":1}}]},"1":{"type":"branch","line":10,"loc":{"start":{"line":10,"column":4},"end":{"line":12,"column":6}},"locations":[{"start":{"line":10,"column":4},"end":{"line":12,"column":6}}]}},"b":{"0":[5],"1":[11]},"fnMap":{"0":{"name":"producerRoutes","decl":{"start":{"line":7,"column":0},"end":{"line":14,"column":1}},"loc":{"start":{"line":7,"column":0},"end":{"line":14,"column":1}},"line":7}},"f":{"0":5}}
,"/Users/Projetos/golden-raspberry-api/src/services/movieService.ts": {"path":"/Users/Projetos/golden-raspberry-api/src/services/movieService.ts","all":false,"statementMap":{"0":{"start":{"line":1,"column":0},"end":{"line":1,"column":56}},"3":{"start":{"line":4,"column":0},"end":{"line":4,"column":27}},"4":{"start":{"line":5,"column":0},"end":{"line":5,"column":21}},"5":{"start":{"line":6,"column":0},"end":{"line":6,"column":29}},"6":{"start":{"line":7,"column":0},"end":{"line":7,"column":28}},"7":{"start":{"line":8,"column":0},"end":{"line":8,"column":59}},"8":{"start":{"line":9,"column":0},"end":{"line":9,"column":6}},"9":{"start":{"line":10,"column":0},"end":{"line":10,"column":38}},"18":{"start":{"line":19,"column":0},"end":{"line":19,"column":31}},"19":{"start":{"line":20,"column":0},"end":{"line":20,"column":17}},"20":{"start":{"line":21,"column":0},"end":{"line":21,"column":21}},"21":{"start":{"line":22,"column":0},"end":{"line":22,"column":23}},"22":{"start":{"line":23,"column":0},"end":{"line":23,"column":27}},"23":{"start":{"line":24,"column":0},"end":{"line":24,"column":31}},"24":{"start":{"line":25,"column":0},"end":{"line":25,"column":31}},"25":{"start":{"line":26,"column":0},"end":{"line":26,"column":8}},"26":{"start":{"line":27,"column":0},"end":{"line":27,"column":3}},"31":{"start":{"line":32,"column":0},"end":{"line":32,"column":37}},"32":{"start":{"line":33,"column":0},"end":{"line":33,"column":29}},"33":{"start":{"line":34,"column":0},"end":{"line":34,"column":65}},"34":{"start":{"line":35,"column":0},"end":{"line":35,"column":31}},"45":{"start":{"line":46,"column":0},"end":{"line":46,"column":26}},"47":{"start":{"line":48,"column":0},"end":{"line":48,"column":12}},"48":{"start":{"line":49,"column":0},"end":{"line":49,"column":17}},"49":{"start":{"line":50,"column":0},"end":{"line":50,"column":21}},"50":{"start":{"line":51,"column":0},"end":{"line":51,"column":23}},"51":{"start":{"line":52,"column":0},"end":{"line":52,"column":27}},"52":{"start":{"line":53,"column":0},"end":{"line":53,"column":31}},"53":{"start":{"line":54,"column":0},"end":{"line":54,"column":31}},"54":{"start":{"line":55,"column":0},"end":{"line":55,"column":6}},"55":{"start":{"line":56,"column":0},"end":{"line":56,"column":3}},"60":{"start":{"line":61,"column":0},"end":{"line":61,"column":25}},"61":{"start":{"line":62,"column":0},"end":{"line":62,"column":29}},"62":{"start":{"line":63,"column":0},"end":{"line":63,"column":28}},"63":{"start":{"line":64,"column":0},"end":{"line":64,"column":64}},"64":{"start":{"line":65,"column":0},"end":{"line":65,"column":6}},"65":{"start":{"line":66,"column":0},"end":{"line":66,"column":38}},"74":{"start":{"line":75,"column":0},"end":{"line":75,"column":31}},"75":{"start":{"line":76,"column":0},"end":{"line":76,"column":17}},"76":{"start":{"line":77,"column":0},"end":{"line":77,"column":21}},"77":{"start":{"line":78,"column":0},"end":{"line":78,"column":23}},"78":{"start":{"line":79,"column":0},"end":{"line":79,"column":27}},"79":{"start":{"line":80,"column":0},"end":{"line":80,"column":31}},"80":{"start":{"line":81,"column":0},"end":{"line":81,"column":19}},"81":{"start":{"line":82,"column":0},"end":{"line":82,"column":8}},"82":{"start":{"line":83,"column":0},"end":{"line":83,"column":3}},"87":{"start":{"line":88,"column":0},"end":{"line":88,"column":36}},"88":{"start":{"line":89,"column":0},"end":{"line":89,"column":29}},"89":{"start":{"line":90,"column":0},"end":{"line":90,"column":28}},"90":{"start":{"line":91,"column":0},"end":{"line":91,"column":63}},"91":{"start":{"line":92,"column":0},"end":{"line":92,"column":6}},"92":{"start":{"line":93,"column":0},"end":{"line":93,"column":42}},"101":{"start":{"line":102,"column":0},"end":{"line":102,"column":31}},"102":{"start":{"line":103,"column":0},"end":{"line":103,"column":17}},"103":{"start":{"line":104,"column":0},"end":{"line":104,"column":21}},"104":{"start":{"line":105,"column":0},"end":{"line":105,"column":23}},"105":{"start":{"line":106,"column":0},"end":{"line":106,"column":27}},"106":{"start":{"line":107,"column":0},"end":{"line":107,"column":31}},"107":{"start":{"line":108,"column":0},"end":{"line":108,"column":31}},"108":{"start":{"line":109,"column":0},"end":{"line":109,"column":8}},"109":{"start":{"line":110,"column":0},"end":{"line":110,"column":3}},"114":{"start":{"line":115,"column":0},"end":{"line":115,"column":43}},"115":{"start":{"line":116,"column":0},"end":{"line":116,"column":29}},"116":{"start":{"line":117,"column":0},"end":{"line":117,"column":29}},"119":{"start":{"line":120,"column":0},"end":{"line":120,"column":7}},"121":{"start":{"line":122,"column":0},"end":{"line":122,"column":28}},"122":{"start":{"line":123,"column":0},"end":{"line":123,"column":17}},"123":{"start":{"line":124,"column":0},"end":{"line":124,"column":18}},"124":{"start":{"line":125,"column":0},"end":{"line":125,"column":20}},"125":{"start":{"line":126,"column":0},"end":{"line":126,"column":22}},"126":{"start":{"line":127,"column":0},"end":{"line":127,"column":27}},"127":{"start":{"line":128,"column":0},"end":{"line":128,"column":6}},"129":{"start":{"line":130,"column":0},"end":{"line":130,"column":12}},"130":{"start":{"line":131,"column":0},"end":{"line":131,"column":43}},"131":{"start":{"line":132,"column":0},"end":{"line":132,"column":15}},"132":{"start":{"line":133,"column":0},"end":{"line":133,"column":6}},"133":{"start":{"line":134,"column":0},"end":{"line":134,"column":3}},"138":{"start":{"line":139,"column":0},"end":{"line":139,"column":71}},"139":{"start":{"line":140,"column":0},"end":{"line":140,"column":38}},"140":{"start":{"line":141,"column":0},"end":{"line":141,"column":31}},"142":{"start":{"line":143,"column":0},"end":{"line":143,"column":29}},"143":{"start":{"line":144,"column":0},"end":{"line":144,"column":46}},"145":{"start":{"line":146,"column":0},"end":{"line":146,"column":29}},"149":{"start":{"line":150,"column":0},"end":{"line":150,"column":7}},"151":{"start":{"line":152,"column":0},"end":{"line":152,"column":13}},"152":{"start":{"line":153,"column":0},"end":{"line":153,"column":19}},"153":{"start":{"line":154,"column":0},"end":{"line":154,"column":20}},"154":{"start":{"line":155,"column":0},"end":{"line":155,"column":22}},"155":{"start":{"line":156,"column":0},"end":{"line":156,"column":24}},"156":{"start":{"line":157,"column":0},"end":{"line":157,"column":29}},"157":{"start":{"line":158,"column":0},"end":{"line":158,"column":9}},"158":{"start":{"line":159,"column":0},"end":{"line":159,"column":6}},"160":{"start":{"line":161,"column":0},"end":{"line":161,"column":19}},"161":{"start":{"line":162,"column":0},"end":{"line":162,"column":3}},"166":{"start":{"line":167,"column":0},"end":{"line":167,"column":31}},"167":{"start":{"line":168,"column":0},"end":{"line":168,"column":29}},"168":{"start":{"line":169,"column":0},"end":{"line":169,"column":63}},"169":{"start":{"line":170,"column":0},"end":{"line":170,"column":32}},"170":{"start":{"line":171,"column":0},"end":{"line":171,"column":30}},"171":{"start":{"line":172,"column":0},"end":{"line":172,"column":3}},"176":{"start":{"line":177,"column":0},"end":{"line":177,"column":19}},"177":{"start":{"line":178,"column":0},"end":{"line":178,"column":29}},"178":{"start":{"line":179,"column":0},"end":{"line":179,"column":68}},"179":{"start":{"line":180,"column":0},"end":{"line":180,"column":51}},"180":{"start":{"line":181,"column":0},"end":{"line":181,"column":24}},"181":{"start":{"line":182,"column":0},"end":{"line":182,"column":3}},"186":{"start":{"line":187,"column":0},"end":{"line":187,"column":26}},"187":{"start":{"line":188,"column":0},"end":{"line":188,"column":29}},"188":{"start":{"line":189,"column":0},"end":{"line":189,"column":28}},"189":{"start":{"line":190,"column":0},"end":{"line":190,"column":62}},"190":{"start":{"line":191,"column":0},"end":{"line":191,"column":6}},"191":{"start":{"line":192,"column":0},"end":{"line":192,"column":51}},"192":{"start":{"line":193,"column":0},"end":{"line":193,"column":24}},"193":{"start":{"line":194,"column":0},"end":{"line":194,"column":3}},"194":{"start":{"line":195,"column":0},"end":{"line":195,"column":1}},"196":{"start":{"line":197,"column":0},"end":{"line":197,"column":47}}},"s":{"0":1,"3":1,"4":1,"5":1,"6":1,"7":1,"8":1,"9":1,"18":1,"19":8,"20":8,"21":8,"22":8,"23":8,"24":8,"25":1,"26":1,"31":1,"32":21,"33":21,"34":21,"45":21,"47":8,"48":8,"49":8,"50":8,"51":8,"52":8,"53":8,"54":8,"55":21,"60":1,"61":12,"62":12,"63":12,"64":12,"65":12,"74":12,"75":53,"76":53,"77":53,"78":53,"79":53,"80":53,"81":12,"82":12,"87":1,"88":1,"89":1,"90":1,"91":1,"92":1,"101":1,"102":2,"103":2,"104":2,"105":2,"106":2,"107":2,"108":1,"109":1,"114":1,"115":10,"116":10,"119":10,"121":10,"122":10,"123":10,"124":10,"125":10,"126":10,"127":10,"129":10,"130":10,"131":10,"132":10,"133":10,"138":1,"139":15,"140":15,"142":7,"143":7,"145":7,"149":7,"151":7,"152":7,"153":7,"154":7,"155":7,"156":15,"157":15,"158":15,"160":15,"161":15,"166":1,"167":8,"168":8,"169":8,"170":8,"171":8,"176":1,"177":6,"178":6,"179":6,"180":6,"181":6,"186":1,"187":9,"188":9,"189":9,"190":9,"191":9,"192":9,"193":9,"194":1,"196":1},"branchMap":{"0":{"type":"branch","line":5,"loc":{"start":{"line":5,"column":2},"end":{"line":27,"column":3}},"locations":[{"start":{"line":5,"column":2},"end":{"line":27,"column":3}}]},"1":{"type":"branch","line":19,"loc":{"start":{"line":19,"column":20},"end":{"line":26,"column":6}},"locations":[{"start":{"line":19,"column":20},"end":{"line":26,"column":6}}]},"2":{"type":"branch","line":32,"loc":{"start":{"line":32,"column":2},"end":{"line":56,"column":3}},"locations":[{"start":{"line":32,"column":2},"end":{"line":56,"column":3}}]},"3":{"type":"branch","line":46,"loc":{"start":{"line":46,"column":14},"end":{"line":55,"column":6}},"locations":[{"start":{"line":46,"column":14},"end":{"line":55,"column":6}}]},"4":{"type":"branch","line":46,"loc":{"start":{"line":46,"column":14},"end":{"line":46,"column":26}},"locations":[{"start":{"line":46,"column":14},"end":{"line":46,"column":26}}]},"5":{"type":"branch","line":46,"loc":{"start":{"line":46,"column":21},"end":{"line":55,"column":6}},"locations":[{"start":{"line":46,"column":21},"end":{"line":55,"column":6}}]},"6":{"type":"branch","line":61,"loc":{"start":{"line":61,"column":2},"end":{"line":83,"column":3}},"locations":[{"start":{"line":61,"column":2},"end":{"line":83,"column":3}}]},"7":{"type":"branch","line":75,"loc":{"start":{"line":75,"column":20},"end":{"line":82,"column":6}},"locations":[{"start":{"line":75,"column":20},"end":{"line":82,"column":6}}]},"8":{"type":"branch","line":88,"loc":{"start":{"line":88,"column":2},"end":{"line":110,"column":3}},"locations":[{"start":{"line":88,"column":2},"end":{"line":110,"column":3}}]},"9":{"type":"branch","line":102,"loc":{"start":{"line":102,"column":20},"end":{"line":109,"column":6}},"locations":[{"start":{"line":102,"column":20},"end":{"line":109,"column":6}}]},"10":{"type":"branch","line":115,"loc":{"start":{"line":115,"column":2},"end":{"line":134,"column":3}},"locations":[{"start":{"line":115,"column":2},"end":{"line":134,"column":3}}]},"11":{"type":"branch","line":127,"loc":{"start":{"line":127,"column":12},"end":{"line":127,"column":25}},"locations":[{"start":{"line":127,"column":12},"end":{"line":127,"column":25}}]},"12":{"type":"branch","line":127,"loc":{"start":{"line":127,"column":21},"end":{"line":127,"column":27}},"locations":[{"start":{"line":127,"column":21},"end":{"line":127,"column":27}}]},"13":{"type":"branch","line":139,"loc":{"start":{"line":139,"column":2},"end":{"line":162,"column":3}},"locations":[{"start":{"line":139,"column":2},"end":{"line":162,"column":3}}]},"14":{"type":"branch","line":141,"loc":{"start":{"line":141,"column":19},"end":{"line":141,"column":31}},"locations":[{"start":{"line":141,"column":19},"end":{"line":141,"column":31}}]},"15":{"type":"branch","line":141,"loc":{"start":{"line":141,"column":26},"end":{"line":157,"column":23}},"locations":[{"start":{"line":141,"column":26},"end":{"line":157,"column":23}}]},"16":{"type":"branch","line":157,"loc":{"start":{"line":157,"column":14},"end":{"line":157,"column":27}},"locations":[{"start":{"line":157,"column":14},"end":{"line":157,"column":27}}]},"17":{"type":"branch","line":157,"loc":{"start":{"line":157,"column":23},"end":{"line":157,"column":29}},"locations":[{"start":{"line":157,"column":23},"end":{"line":157,"column":29}}]},"18":{"type":"branch","line":167,"loc":{"start":{"line":167,"column":2},"end":{"line":172,"column":3}},"locations":[{"start":{"line":167,"column":2},"end":{"line":172,"column":3}}]},"19":{"type":"branch","line":177,"loc":{"start":{"line":177,"column":2},"end":{"line":182,"column":3}},"locations":[{"start":{"line":177,"column":2},"end":{"line":182,"column":3}}]},"20":{"type":"branch","line":187,"loc":{"start":{"line":187,"column":2},"end":{"line":194,"column":3}},"locations":[{"start":{"line":187,"column":2},"end":{"line":194,"column":3}}]}},"b":{"0":[1],"1":[8],"2":[21],"3":[19],"4":[13],"5":[8],"6":[12],"7":[53],"8":[1],"9":[2],"10":[10],"11":[4],"12":[6],"13":[15],"14":[8],"15":[7],"16":[5],"17":[2],"18":[8],"19":[6],"20":[9]},"fnMap":{"0":{"name":"getAll","decl":{"start":{"line":5,"column":2},"end":{"line":27,"column":3}},"loc":{"start":{"line":5,"column":2},"end":{"line":27,"column":3}},"line":5},"1":{"name":"getById","decl":{"start":{"line":32,"column":2},"end":{"line":56,"column":3}},"loc":{"start":{"line":32,"column":2},"end":{"line":56,"column":3}},"line":32},"2":{"name":"getWinners","decl":{"start":{"line":61,"column":2},"end":{"line":83,"column":3}},"loc":{"start":{"line":61,"column":2},"end":{"line":83,"column":3}},"line":61},"3":{"name":"getByYear","decl":{"start":{"line":88,"column":2},"end":{"line":110,"column":3}},"loc":{"start":{"line":88,"column":2},"end":{"line":110,"column":3}},"line":88},"4":{"name":"create","decl":{"start":{"line":115,"column":2},"end":{"line":134,"column":3}},"loc":{"start":{"line":115,"column":2},"end":{"line":134,"column":3}},"line":115},"5":{"name":"update","decl":{"start":{"line":139,"column":2},"end":{"line":162,"column":3}},"loc":{"start":{"line":139,"column":2},"end":{"line":162,"column":3}},"line":139},"6":{"name":"delete","decl":{"start":{"line":167,"column":2},"end":{"line":172,"column":3}},"loc":{"start":{"line":167,"column":2},"end":{"line":172,"column":3}},"line":167},"7":{"name":"count","decl":{"start":{"line":177,"column":2},"end":{"line":182,"column":3}},"loc":{"start":{"line":177,"column":2},"end":{"line":182,"column":3}},"line":177},"8":{"name":"countWinners","decl":{"start":{"line":187,"column":2},"end":{"line":194,"column":3}},"loc":{"start":{"line":187,"column":2},"end":{"line":194,"column":3}},"line":187}},"f":{"0":1,"1":21,"2":12,"3":1,"4":10,"5":15,"6":8,"7":6,"8":9}}
,"/Users/Projetos/golden-raspberry-api/src/services/prizeIntervalService.ts": {"path":"/Users/Projetos/golden-raspberry-api/src/services/prizeIntervalService.ts","all":false,"statementMap":{"0":{"start":{"line":1,"column":0},"end":{"line":1,"column":49}},"10":{"start":{"line":11,"column":0},"end":{"line":11,"column":35}},"18":{"start":{"line":19,"column":0},"end":{"line":19,"column":61}},"19":{"start":{"line":20,"column":0},"end":{"line":20,"column":26}},"20":{"start":{"line":21,"column":0},"end":{"line":21,"column":24}},"21":{"start":{"line":22,"column":0},"end":{"line":22,"column":27}},"22":{"start":{"line":23,"column":0},"end":{"line":23,"column":35}},"23":{"start":{"line":24,"column":0},"end":{"line":24,"column":3}},"29":{"start":{"line":30,"column":0},"end":{"line":30,"column":43}},"30":{"start":{"line":31,"column":0},"end":{"line":31,"column":46}},"31":{"start":{"line":32,"column":0},"end":{"line":32,"column":42}},"33":{"start":{"line":34,"column":0},"end":{"line":34,"column":34}},"34":{"start":{"line":35,"column":0},"end":{"line":35,"column":61}},"36":{"start":{"line":37,"column":0},"end":{"line":37,"column":41}},"37":{"start":{"line":38,"column":0},"end":{"line":38,"column":38}},"38":{"start":{"line":39,"column":0},"end":{"line":39,"column":38}},"39":{"start":{"line":40,"column":0},"end":{"line":40,"column":9}},"40":{"start":{"line":41,"column":0},"end":{"line":41,"column":48}},"41":{"start":{"line":42,"column":0},"end":{"line":42,"column":7}},"42":{"start":{"line":43,"column":0},"end":{"line":43,"column":5}},"45":{"start":{"line":46,"column":0},"end":{"line":46,"column":55}},"46":{"start":{"line":47,"column":0},"end":{"line":47,"column":51}},"47":{"start":{"line":48,"column":0},"end":{"line":48,"column":5}},"49":{"start":{"line":50,"column":0},"end":{"line":50,"column":24}},"50":{"start":{"line":51,"column":0},"end":{"line":51,"column":3}},"56":{"start":{"line":57,"column":0},"end":{"line":57,"column":55}},"57":{"start":{"line":58,"column":0},"end":{"line":58,"column":48}},"58":{"start":{"line":59,"column":0},"end":{"line":59,"column":45}},"60":{"start":{"line":61,"column":0},"end":{"line":61,"column":67}},"61":{"start":{"line":62,"column":0},"end":{"line":62,"column":37}},"63":{"start":{"line":64,"column":0},"end":{"line":64,"column":46}},"64":{"start":{"line":65,"column":0},"end":{"line":65,"column":24}},"65":{"start":{"line":66,"column":0},"end":{"line":66,"column":19}},"66":{"start":{"line":67,"column":0},"end":{"line":67,"column":44}},"67":{"start":{"line":68,"column":0},"end":{"line":68,"column":36}},"68":{"start":{"line":69,"column":0},"end":{"line":69,"column":33}},"69":{"start":{"line":70,"column":0},"end":{"line":70,"column":11}},"70":{"start":{"line":71,"column":0},"end":{"line":71,"column":7}},"71":{"start":{"line":72,"column":0},"end":{"line":72,"column":5}},"73":{"start":{"line":74,"column":0},"end":{"line":74,"column":21}},"74":{"start":{"line":75,"column":0},"end":{"line":75,"column":3}},"80":{"start":{"line":81,"column":0},"end":{"line":81,"column":46}},"81":{"start":{"line":82,"column":0},"end":{"line":82,"column":54}},"83":{"start":{"line":84,"column":0},"end":{"line":84,"column":36}},"84":{"start":{"line":85,"column":0},"end":{"line":85,"column":34}},"85":{"start":{"line":86,"column":0},"end":{"line":86,"column":5}},"87":{"start":{"line":88,"column":0},"end":{"line":88,"column":31}},"88":{"start":{"line":89,"column":0},"end":{"line":89,"column":32}},"90":{"start":{"line":91,"column":0},"end":{"line":91,"column":42}},"91":{"start":{"line":92,"column":0},"end":{"line":92,"column":44}},"92":{"start":{"line":93,"column":0},"end":{"line":93,"column":40}},"93":{"start":{"line":94,"column":0},"end":{"line":94,"column":7}},"94":{"start":{"line":95,"column":0},"end":{"line":95,"column":44}},"95":{"start":{"line":96,"column":0},"end":{"line":96,"column":40}},"96":{"start":{"line":97,"column":0},"end":{"line":97,"column":7}},"97":{"start":{"line":98,"column":0},"end":{"line":98,"column":5}},"99":{"start":{"line":100,"column":0},"end":{"line":100,"column":80}},"101":{"start":{"line":102,"column":0},"end":{"line":102,"column":80}},"103":{"start":{"line":104,"column":0},"end":{"line":104,"column":12}},"104":{"start":{"line":105,"column":0},"end":{"line":105,"column":24}},"105":{"start":{"line":106,"column":0},"end":{"line":106,"column":24}},"106":{"start":{"line":107,"column":0},"end":{"line":107,"column":6}},"107":{"start":{"line":108,"column":0},"end":{"line":108,"column":3}},"108":{"start":{"line":109,"column":0},"end":{"line":109,"column":1}},"110":{"start":{"line":111,"column":0},"end":{"line":111,"column":63}}},"s":{"0":1,"10":1,"18":1,"19":46,"20":46,"21":46,"22":46,"23":46,"29":1,"30":11,"31":11,"33":11,"34":46,"36":46,"37":57,"38":40,"39":40,"40":57,"41":57,"42":46,"45":11,"46":40,"47":40,"49":11,"50":11,"56":1,"57":11,"58":11,"60":11,"61":40,"63":40,"64":17,"65":17,"66":17,"67":17,"68":17,"69":17,"70":17,"71":16,"73":11,"74":11,"80":1,"81":11,"83":11,"84":2,"85":2,"87":9,"88":9,"90":11,"91":17,"92":13,"93":13,"94":17,"95":12,"96":12,"97":17,"99":9,"101":9,"103":9,"104":9,"105":9,"106":9,"107":11,"108":1,"110":1},"branchMap":{"0":{"type":"branch","line":19,"loc":{"start":{"line":19,"column":10},"end":{"line":24,"column":3}},"locations":[{"start":{"line":19,"column":10},"end":{"line":24,"column":3}}]},"1":{"type":"branch","line":22,"loc":{"start":{"line":22,"column":11},"end":{"line":22,"column":26}},"locations":[{"start":{"line":22,"column":11},"end":{"line":22,"column":26}}]},"2":{"type":"branch","line":23,"loc":{"start":{"line":23,"column":14},"end":{"line":23,"column":33}},"locations":[{"start":{"line":23,"column":14},"end":{"line":23,"column":33}}]},"3":{"type":"branch","line":30,"loc":{"start":{"line":30,"column":10},"end":{"line":51,"column":3}},"locations":[{"start":{"line":30,"column":10},"end":{"line":51,"column":3}}]},"4":{"type":"branch","line":34,"loc":{"start":{"line":34,"column":33},"end":{"line":43,"column":5}},"locations":[{"start":{"line":34,"column":33},"end":{"line":43,"column":5}}]},"5":{"type":"branch","line":37,"loc":{"start":{"line":37,"column":40},"end":{"line":42,"column":7}},"locations":[{"start":{"line":37,"column":40},"end":{"line":42,"column":7}}]},"6":{"type":"branch","line":38,"loc":{"start":{"line":38,"column":37},"end":{"line":40,"column":9}},"locations":[{"start":{"line":38,"column":37},"end":{"line":40,"column":9}}]},"7":{"type":"branch","line":46,"loc":{"start":{"line":46,"column":54},"end":{"line":48,"column":5}},"locations":[{"start":{"line":46,"column":54},"end":{"line":48,"column":5}}]},"8":{"type":"branch","line":47,"loc":{"start":{"line":47,"column":34},"end":{"line":47,"column":49}},"locations":[{"start":{"line":47,"column":34},"end":{"line":47,"column":49}}]},"9":{"type":"branch","line":57,"loc":{"start":{"line":57,"column":10},"end":{"line":75,"column":3}},"locations":[{"start":{"line":57,"column":10},"end":{"line":75,"column":3}}]},"10":{"type":"branch","line":61,"loc":{"start":{"line":61,"column":66},"end":{"line":72,"column":5}},"locations":[{"start":{"line":61,"column":66},"end":{"line":72,"column":5}}]},"11":{"type":"branch","line":62,"loc":{"start":{"line":62,"column":28},"end":{"line":62,"column":37}},"locations":[{"start":{"line":62,"column":28},"end":{"line":62,"column":37}}]},"12":{"type":"branch","line":62,"loc":{"start":{"line":62,"column":28},"end":{"line":64,"column":45}},"locations":[{"start":{"line":62,"column":28},"end":{"line":64,"column":45}}]},"13":{"type":"branch","line":64,"loc":{"start":{"line":64,"column":45},"end":{"line":71,"column":7}},"locations":[{"start":{"line":64,"column":45},"end":{"line":71,"column":7}}]},"14":{"type":"branch","line":71,"loc":{"start":{"line":71,"column":6},"end":{"line":72,"column":5}},"locations":[{"start":{"line":71,"column":6},"end":{"line":72,"column":5}}]},"15":{"type":"branch","line":81,"loc":{"start":{"line":81,"column":2},"end":{"line":108,"column":3}},"locations":[{"start":{"line":81,"column":2},"end":{"line":108,"column":3}}]},"16":{"type":"branch","line":84,"loc":{"start":{"line":84,"column":35},"end":{"line":86,"column":5}},"locations":[{"start":{"line":84,"column":35},"end":{"line":86,"column":5}}]},"17":{"type":"branch","line":86,"loc":{"start":{"line":86,"column":4},"end":{"line":91,"column":41}},"locations":[{"start":{"line":86,"column":4},"end":{"line":91,"column":41}}]},"18":{"type":"branch","line":91,"loc":{"start":{"line":91,"column":41},"end":{"line":98,"column":5}},"locations":[{"start":{"line":91,"column":41},"end":{"line":98,"column":5}}]},"19":{"type":"branch","line":92,"loc":{"start":{"line":92,"column":43},"end":{"line":94,"column":7}},"locations":[{"start":{"line":92,"column":43},"end":{"line":94,"column":7}}]},"20":{"type":"branch","line":95,"loc":{"start":{"line":95,"column":43},"end":{"line":97,"column":7}},"locations":[{"start":{"line":95,"column":43},"end":{"line":97,"column":7}}]},"21":{"type":"branch","line":98,"loc":{"start":{"line":98,"column":4},"end":{"line":107,"column":6}},"locations":[{"start":{"line":98,"column":4},"end":{"line":107,"column":6}}]},"22":{"type":"branch","line":100,"loc":{"start":{"line":100,"column":45},"end":{"line":100,"column":78}},"locations":[{"start":{"line":100,"column":45},"end":{"line":100,"column":78}}]},"23":{"type":"branch","line":102,"loc":{"start":{"line":102,"column":45},"end":{"line":102,"column":78}},"locations":[{"start":{"line":102,"column":45},"end":{"line":102,"column":78}}]}},"b":{"0":[46],"1":[57],"2":[57],"3":[11],"4":[46],"5":[57],"6":[40],"7":[40],"8":[17],"9":[11],"10":[40],"11":[24],"12":[16],"13":[17],"14":[16],"15":[11],"16":[2],"17":[9],"18":[17],"19":[13],"20":[12],"21":[9],"22":[17],"23":[17]},"fnMap":{"0":{"name":"parseProducers","decl":{"start":{"line":19,"column":10},"end":{"line":24,"column":3}},"loc":{"start":{"line":19,"column":10},"end":{"line":24,"column":3}},"line":19},"1":{"name":"getProducerWins","decl":{"start":{"line":30,"column":10},"end":{"line":51,"column":3}},"loc":{"start":{"line":30,"column":10},"end":{"line":51,"column":3}},"line":30},"2":{"name":"calculateAllIntervals","decl":{"start":{"line":57,"column":10},"end":{"line":75,"column":3}},"loc":{"start":{"line":57,"column":10},"end":{"line":75,"column":3}},"line":57},"3":{"name":"getPrizeIntervals","decl":{"start":{"line":81,"column":2},"end":{"line":108,"column":3}},"loc":{"start":{"line":81,"column":2},"end":{"line":108,"column":3}},"line":81}},"f":{"0":46,"1":11,"2":11,"3":11}}
}
