{"/Users/Projetos/golden-raspberry-api/src/app.ts": {"path":"/Users/Projetos/golden-raspberry-api/src/app.ts","all":false,"statementMap":{"0":{"start":{"line":1,"column":0},"end":{"line":1,"column":51}},"3":{"start":{"line":4,"column":0},"end":{"line":4,"column":57}},"4":{"start":{"line":5,"column":0},"end":{"line":5,"column":23}},"5":{"start":{"line":6,"column":0},"end":{"line":6,"column":44}},"6":{"start":{"line":7,"column":0},"end":{"line":7,"column":15}},"7":{"start":{"line":8,"column":0},"end":{"line":8,"column":5}},"9":{"start":{"line":10,"column":0},"end":{"line":10,"column":31}},"11":{"start":{"line":12,"column":0},"end":{"line":12,"column":34}},"12":{"start":{"line":13,"column":0},"end":{"line":13,"column":65}},"13":{"start":{"line":14,"column":0},"end":{"line":14,"column":5}},"15":{"start":{"line":16,"column":0},"end":{"line":16,"column":13}},"16":{"start":{"line":17,"column":0},"end":{"line":17,"column":1}}},"s":{"0":1,"3":1,"4":11,"5":11,"6":11,"7":11,"9":11,"11":11,"12":1,"13":11,"15":11,"16":11},"branchMap":{"0":{"type":"branch","line":4,"loc":{"start":{"line":4,"column":7},"end":{"line":17,"column":1}},"locations":[{"start":{"line":4,"column":7},"end":{"line":17,"column":1}}]},"1":{"type":"branch","line":12,"loc":{"start":{"line":12,"column":21},"end":{"line":14,"column":3}},"locations":[{"start":{"line":12,"column":21},"end":{"line":14,"column":3}}]}},"b":{"0":[11],"1":[1]},"fnMap":{"0":{"name":"buildApp","decl":{"start":{"line":4,"column":7},"end":{"line":17,"column":1}},"loc":{"start":{"line":4,"column":7},"end":{"line":17,"column":1}},"line":4}},"f":{"0":11}}
,"/Users/Projetos/golden-raspberry-api/src/database/connection.ts": {"path":"/Users/Projetos/golden-raspberry-api/src/database/connection.ts","all":false,"statementMap":{"0":{"start":{"line":1,"column":0},"end":{"line":1,"column":38}},"2":{"start":{"line":3,"column":0},"end":{"line":3,"column":40}},"4":{"start":{"line":5,"column":0},"end":{"line":5,"column":50}},"5":{"start":{"line":6,"column":0},"end":{"line":6,"column":12}},"6":{"start":{"line":7,"column":0},"end":{"line":7,"column":34}},"7":{"start":{"line":8,"column":0},"end":{"line":8,"column":36}},"8":{"start":{"line":9,"column":0},"end":{"line":9,"column":3}},"9":{"start":{"line":10,"column":0},"end":{"line":10,"column":12}},"10":{"start":{"line":11,"column":0},"end":{"line":11,"column":1}},"12":{"start":{"line":13,"column":0},"end":{"line":13,"column":39}},"13":{"start":{"line":14,"column":0},"end":{"line":14,"column":11}},"14":{"start":{"line":15,"column":0},"end":{"line":15,"column":15}},"15":{"start":{"line":16,"column":0},"end":{"line":16,"column":14}},"16":{"start":{"line":17,"column":0},"end":{"line":17,"column":3}},"17":{"start":{"line":18,"column":0},"end":{"line":18,"column":1}},"19":{"start":{"line":20,"column":0},"end":{"line":20,"column":39}},"20":{"start":{"line":21,"column":0},"end":{"line":21,"column":18}},"21":{"start":{"line":22,"column":0},"end":{"line":22,"column":1}}},"s":{"0":1,"2":1,"4":1,"5":75,"6":20,"7":20,"8":20,"9":75,"10":75,"12":1,"13":21,"14":19,"15":19,"16":19,"17":21,"19":1,"20":21,"21":21},"branchMap":{"0":{"type":"branch","line":5,"loc":{"start":{"line":5,"column":7},"end":{"line":11,"column":1}},"locations":[{"start":{"line":5,"column":7},"end":{"line":11,"column":1}}]},"1":{"type":"branch","line":6,"loc":{"start":{"line":6,"column":11},"end":{"line":9,"column":3}},"locations":[{"start":{"line":6,"column":11},"end":{"line":9,"column":3}}]},"2":{"type":"branch","line":13,"loc":{"start":{"line":13,"column":7},"end":{"line":18,"column":1}},"locations":[{"start":{"line":13,"column":7},"end":{"line":18,"column":1}}]},"3":{"type":"branch","line":14,"loc":{"start":{"line":14,"column":10},"end":{"line":17,"column":3}},"locations":[{"start":{"line":14,"column":10},"end":{"line":17,"column":3}}]},"4":{"type":"branch","line":20,"loc":{"start":{"line":20,"column":7},"end":{"line":22,"column":1}},"locations":[{"start":{"line":20,"column":7},"end":{"line":22,"column":1}}]}},"b":{"0":[75],"1":[20],"2":[21],"3":[19],"4":[21]},"fnMap":{"0":{"name":"getDatabase","decl":{"start":{"line":5,"column":7},"end":{"line":11,"column":1}},"loc":{"start":{"line":5,"column":7},"end":{"line":11,"column":1}},"line":5},"1":{"name":"closeDatabase","decl":{"start":{"line":13,"column":7},"end":{"line":18,"column":1}},"loc":{"start":{"line":13,"column":7},"end":{"line":18,"column":1}},"line":13},"2":{"name":"resetDatabase","decl":{"start":{"line":20,"column":7},"end":{"line":22,"column":1}},"loc":{"start":{"line":20,"column":7},"end":{"line":22,"column":1}},"line":20}},"f":{"0":75,"1":21,"2":21}}
,"/Users/Projetos/golden-raspberry-api/src/database/schema.ts": {"path":"/Users/Projetos/golden-raspberry-api/src/database/schema.ts","all":false,"statementMap":{"0":{"start":{"line":1,"column":0},"end":{"line":1,"column":46}},"2":{"start":{"line":3,"column":0},"end":{"line":3,"column":38}},"3":{"start":{"line":4,"column":0},"end":{"line":4,"column":27}},"5":{"start":{"line":6,"column":0},"end":{"line":6,"column":11}},"14":{"start":{"line":15,"column":0},"end":{"line":15,"column":5}},"16":{"start":{"line":17,"column":0},"end":{"line":17,"column":11}},"18":{"start":{"line":19,"column":0},"end":{"line":19,"column":5}},"20":{"start":{"line":21,"column":0},"end":{"line":21,"column":11}},"22":{"start":{"line":23,"column":0},"end":{"line":23,"column":5}},"23":{"start":{"line":24,"column":0},"end":{"line":24,"column":1}},"25":{"start":{"line":26,"column":0},"end":{"line":26,"column":36}},"26":{"start":{"line":27,"column":0},"end":{"line":27,"column":27}},"27":{"start":{"line":28,"column":0},"end":{"line":28,"column":41}},"28":{"start":{"line":29,"column":0},"end":{"line":29,"column":1}}},"s":{"0":1,"2":1,"3":30,"5":30,"14":30,"16":30,"18":30,"20":30,"22":30,"23":30,"25":1,"26":1,"27":1,"28":1},"branchMap":{"0":{"type":"branch","line":3,"loc":{"start":{"line":3,"column":7},"end":{"line":24,"column":1}},"locations":[{"start":{"line":3,"column":7},"end":{"line":24,"column":1}}]},"1":{"type":"branch","line":26,"loc":{"start":{"line":26,"column":7},"end":{"line":29,"column":1}},"locations":[{"start":{"line":26,"column":7},"end":{"line":29,"column":1}}]}},"b":{"0":[30],"1":[1]},"fnMap":{"0":{"name":"createTables","decl":{"start":{"line":3,"column":7},"end":{"line":24,"column":1}},"loc":{"start":{"line":3,"column":7},"end":{"line":24,"column":1}},"line":3},"1":{"name":"dropTables","decl":{"start":{"line":26,"column":7},"end":{"line":29,"column":1}},"loc":{"start":{"line":26,"column":7},"end":{"line":29,"column":1}},"line":26}},"f":{"0":30,"1":1}}
,"/Users/Projetos/golden-raspberry-api/src/database/seed.ts": {"path":"/Users/Projetos/golden-raspberry-api/src/database/seed.ts","all":false,"statementMap":{"0":{"start":{"line":1,"column":0},"end":{"line":1,"column":39}},"6":{"start":{"line":7,"column":0},"end":{"line":7,"column":52}},"7":{"start":{"line":8,"column":0},"end":{"line":8,"column":27}},"9":{"start":{"line":10,"column":0},"end":{"line":10,"column":17}},"11":{"start":{"line":12,"column":0},"end":{"line":12,"column":52}},"13":{"start":{"line":14,"column":0},"end":{"line":14,"column":55}},"14":{"start":{"line":15,"column":0},"end":{"line":15,"column":18}},"15":{"start":{"line":16,"column":0},"end":{"line":16,"column":19}},"16":{"start":{"line":17,"column":0},"end":{"line":17,"column":27}},"17":{"start":{"line":18,"column":0},"end":{"line":18,"column":15}},"18":{"start":{"line":19,"column":0},"end":{"line":19,"column":5}},"20":{"start":{"line":21,"column":0},"end":{"line":21,"column":33}},"23":{"start":{"line":24,"column":0},"end":{"line":24,"column":5}},"25":{"start":{"line":26,"column":0},"end":{"line":26,"column":68}},"26":{"start":{"line":27,"column":0},"end":{"line":27,"column":35}},"27":{"start":{"line":28,"column":0},"end":{"line":28,"column":70}},"29":{"start":{"line":30,"column":0},"end":{"line":30,"column":21}},"30":{"start":{"line":31,"column":0},"end":{"line":31,"column":34}},"31":{"start":{"line":32,"column":0},"end":{"line":32,"column":21}},"32":{"start":{"line":33,"column":0},"end":{"line":33,"column":23}},"33":{"start":{"line":34,"column":0},"end":{"line":34,"column":25}},"34":{"start":{"line":35,"column":0},"end":{"line":35,"column":17}},"35":{"start":{"line":36,"column":0},"end":{"line":36,"column":8}},"36":{"start":{"line":37,"column":0},"end":{"line":37,"column":5}},"37":{"start":{"line":38,"column":0},"end":{"line":38,"column":5}},"39":{"start":{"line":40,"column":0},"end":{"line":40,"column":22}},"40":{"start":{"line":41,"column":0},"end":{"line":41,"column":1}},"42":{"start":{"line":43,"column":0},"end":{"line":43,"column":61}},"43":{"start":{"line":44,"column":0},"end":{"line":44,"column":27}},"45":{"start":{"line":46,"column":0},"end":{"line":46,"column":17}},"47":{"start":{"line":48,"column":0},"end":{"line":48,"column":55}},"48":{"start":{"line":49,"column":0},"end":{"line":49,"column":18}},"49":{"start":{"line":50,"column":0},"end":{"line":50,"column":19}},"50":{"start":{"line":51,"column":0},"end":{"line":51,"column":27}},"51":{"start":{"line":52,"column":0},"end":{"line":52,"column":15}},"52":{"start":{"line":53,"column":0},"end":{"line":53,"column":5}},"54":{"start":{"line":55,"column":0},"end":{"line":55,"column":33}},"57":{"start":{"line":58,"column":0},"end":{"line":58,"column":5}},"59":{"start":{"line":60,"column":0},"end":{"line":60,"column":68}},"60":{"start":{"line":61,"column":0},"end":{"line":61,"column":35}},"61":{"start":{"line":62,"column":0},"end":{"line":62,"column":70}},"63":{"start":{"line":64,"column":0},"end":{"line":64,"column":21}},"64":{"start":{"line":65,"column":0},"end":{"line":65,"column":34}},"65":{"start":{"line":66,"column":0},"end":{"line":66,"column":21}},"66":{"start":{"line":67,"column":0},"end":{"line":67,"column":23}},"67":{"start":{"line":68,"column":0},"end":{"line":68,"column":25}},"68":{"start":{"line":69,"column":0},"end":{"line":69,"column":17}},"69":{"start":{"line":70,"column":0},"end":{"line":70,"column":8}},"70":{"start":{"line":71,"column":0},"end":{"line":71,"column":5}},"71":{"start":{"line":72,"column":0},"end":{"line":72,"column":5}},"73":{"start":{"line":74,"column":0},"end":{"line":74,"column":22}},"74":{"start":{"line":75,"column":0},"end":{"line":75,"column":1}}},"s":{"0":1,"6":1,"7":5,"9":5,"11":5,"13":5,"14":5,"15":5,"16":5,"17":5,"18":5,"20":5,"23":5,"25":5,"26":4,"27":824,"29":824,"30":824,"31":824,"32":824,"33":824,"34":824,"35":824,"36":824,"37":5,"39":5,"40":5,"42":1,"43":11,"45":11,"47":11,"48":11,"49":11,"50":11,"51":11,"52":11,"54":11,"57":11,"59":11,"60":11,"61":30,"63":30,"64":30,"65":30,"66":30,"67":30,"68":30,"69":30,"70":30,"71":11,"73":11,"74":11},"branchMap":{"0":{"type":"branch","line":7,"loc":{"start":{"line":7,"column":7},"end":{"line":41,"column":1}},"locations":[{"start":{"line":7,"column":7},"end":{"line":41,"column":1}}]},"1":{"type":"branch","line":26,"loc":{"start":{"line":26,"column":36},"end":{"line":38,"column":3}},"locations":[{"start":{"line":26,"column":36},"end":{"line":38,"column":3}}]},"2":{"type":"branch","line":27,"loc":{"start":{"line":27,"column":34},"end":{"line":37,"column":5}},"locations":[{"start":{"line":27,"column":34},"end":{"line":37,"column":5}}]},"3":{"type":"branch","line":28,"loc":{"start":{"line":28,"column":56},"end":{"line":28,"column":68}},"locations":[{"start":{"line":28,"column":56},"end":{"line":28,"column":68}}]},"4":{"type":"branch","line":28,"loc":{"start":{"line":28,"column":64},"end":{"line":28,"column":70}},"locations":[{"start":{"line":28,"column":64},"end":{"line":28,"column":70}}]},"5":{"type":"branch","line":43,"loc":{"start":{"line":43,"column":7},"end":{"line":75,"column":1}},"locations":[{"start":{"line":43,"column":7},"end":{"line":75,"column":1}}]},"6":{"type":"branch","line":60,"loc":{"start":{"line":60,"column":36},"end":{"line":72,"column":3}},"locations":[{"start":{"line":60,"column":36},"end":{"line":72,"column":3}}]},"7":{"type":"branch","line":61,"loc":{"start":{"line":61,"column":34},"end":{"line":71,"column":5}},"locations":[{"start":{"line":61,"column":34},"end":{"line":71,"column":5}}]},"8":{"type":"branch","line":62,"loc":{"start":{"line":62,"column":56},"end":{"line":62,"column":68}},"locations":[{"start":{"line":62,"column":56},"end":{"line":62,"column":68}}]},"9":{"type":"branch","line":62,"loc":{"start":{"line":62,"column":64},"end":{"line":62,"column":70}},"locations":[{"start":{"line":62,"column":64},"end":{"line":62,"column":70}}]}},"b":{"0":[5],"1":[4],"2":[824],"3":[168],"4":[656],"5":[11],"6":[11],"7":[30],"8":[26],"9":[4]},"fnMap":{"0":{"name":"loadCSVData","decl":{"start":{"line":7,"column":7},"end":{"line":41,"column":1}},"loc":{"start":{"line":7,"column":7},"end":{"line":41,"column":1}},"line":7},"1":{"name":"loadCSVFromString","decl":{"start":{"line":43,"column":7},"end":{"line":75,"column":1}},"loc":{"start":{"line":43,"column":7},"end":{"line":75,"column":1}},"line":43}},"f":{"0":5,"1":11}}
,"/Users/Projetos/golden-raspberry-api/src/routes/producerRoutes.ts": {"path":"/Users/Projetos/golden-raspberry-api/src/routes/producerRoutes.ts","all":false,"statementMap":{"0":{"start":{"line":1,"column":0},"end":{"line":1,"column":72}},"3":{"start":{"line":4,"column":0},"end":{"line":4,"column":79}},"4":{"start":{"line":5,"column":0},"end":{"line":5,"column":14}},"5":{"start":{"line":6,"column":0},"end":{"line":6,"column":33}},"6":{"start":{"line":7,"column":0},"end":{"line":7,"column":63}},"7":{"start":{"line":8,"column":0},"end":{"line":8,"column":54}},"8":{"start":{"line":9,"column":0},"end":{"line":9,"column":6}},"9":{"start":{"line":10,"column":0},"end":{"line":10,"column":4}},"10":{"start":{"line":11,"column":0},"end":{"line":11,"column":1}}},"s":{"0":1,"3":11,"4":11,"5":11,"6":11,"7":13,"8":13,"9":11,"10":11},"branchMap":{"0":{"type":"branch","line":4,"loc":{"start":{"line":4,"column":0},"end":{"line":11,"column":1}},"locations":[{"start":{"line":4,"column":0},"end":{"line":11,"column":1}}]},"1":{"type":"branch","line":7,"loc":{"start":{"line":7,"column":4},"end":{"line":9,"column":6}},"locations":[{"start":{"line":7,"column":4},"end":{"line":9,"column":6}}]}},"b":{"0":[11],"1":[13]},"fnMap":{"0":{"name":"producerRoutes","decl":{"start":{"line":4,"column":0},"end":{"line":11,"column":1}},"loc":{"start":{"line":4,"column":0},"end":{"line":11,"column":1}},"line":4}},"f":{"0":11}}
,"/Users/Projetos/golden-raspberry-api/src/services/prizeIntervalService.ts": {"path":"/Users/Projetos/golden-raspberry-api/src/services/prizeIntervalService.ts","all":false,"statementMap":{"0":{"start":{"line":1,"column":0},"end":{"line":1,"column":56}},"7":{"start":{"line":8,"column":0},"end":{"line":8,"column":35}},"8":{"start":{"line":9,"column":0},"end":{"line":9,"column":61}},"9":{"start":{"line":10,"column":0},"end":{"line":10,"column":26}},"10":{"start":{"line":11,"column":0},"end":{"line":11,"column":24}},"11":{"start":{"line":12,"column":0},"end":{"line":12,"column":27}},"12":{"start":{"line":13,"column":0},"end":{"line":13,"column":35}},"13":{"start":{"line":14,"column":0},"end":{"line":14,"column":3}},"15":{"start":{"line":16,"column":0},"end":{"line":16,"column":43}},"16":{"start":{"line":17,"column":0},"end":{"line":17,"column":29}},"17":{"start":{"line":18,"column":0},"end":{"line":18,"column":19}},"18":{"start":{"line":19,"column":0},"end":{"line":19,"column":73}},"19":{"start":{"line":20,"column":0},"end":{"line":20,"column":59}},"21":{"start":{"line":22,"column":0},"end":{"line":22,"column":42}},"23":{"start":{"line":24,"column":0},"end":{"line":24,"column":31}},"24":{"start":{"line":25,"column":0},"end":{"line":25,"column":61}},"25":{"start":{"line":26,"column":0},"end":{"line":26,"column":41}},"26":{"start":{"line":27,"column":0},"end":{"line":27,"column":38}},"27":{"start":{"line":28,"column":0},"end":{"line":28,"column":38}},"28":{"start":{"line":29,"column":0},"end":{"line":29,"column":9}},"29":{"start":{"line":30,"column":0},"end":{"line":30,"column":48}},"30":{"start":{"line":31,"column":0},"end":{"line":31,"column":7}},"31":{"start":{"line":32,"column":0},"end":{"line":32,"column":5}},"33":{"start":{"line":34,"column":0},"end":{"line":34,"column":55}},"34":{"start":{"line":35,"column":0},"end":{"line":35,"column":51}},"35":{"start":{"line":36,"column":0},"end":{"line":36,"column":5}},"37":{"start":{"line":38,"column":0},"end":{"line":38,"column":24}},"38":{"start":{"line":39,"column":0},"end":{"line":39,"column":3}},"40":{"start":{"line":41,"column":0},"end":{"line":41,"column":55}},"41":{"start":{"line":42,"column":0},"end":{"line":42,"column":48}},"42":{"start":{"line":43,"column":0},"end":{"line":43,"column":45}},"44":{"start":{"line":45,"column":0},"end":{"line":45,"column":67}},"45":{"start":{"line":46,"column":0},"end":{"line":46,"column":37}},"47":{"start":{"line":48,"column":0},"end":{"line":48,"column":46}},"48":{"start":{"line":49,"column":0},"end":{"line":49,"column":24}},"49":{"start":{"line":50,"column":0},"end":{"line":50,"column":19}},"50":{"start":{"line":51,"column":0},"end":{"line":51,"column":44}},"51":{"start":{"line":52,"column":0},"end":{"line":52,"column":36}},"52":{"start":{"line":53,"column":0},"end":{"line":53,"column":33}},"53":{"start":{"line":54,"column":0},"end":{"line":54,"column":11}},"54":{"start":{"line":55,"column":0},"end":{"line":55,"column":7}},"55":{"start":{"line":56,"column":0},"end":{"line":56,"column":5}},"57":{"start":{"line":58,"column":0},"end":{"line":58,"column":21}},"58":{"start":{"line":59,"column":0},"end":{"line":59,"column":3}},"60":{"start":{"line":61,"column":0},"end":{"line":61,"column":46}},"61":{"start":{"line":62,"column":0},"end":{"line":62,"column":54}},"63":{"start":{"line":64,"column":0},"end":{"line":64,"column":36}},"64":{"start":{"line":65,"column":0},"end":{"line":65,"column":34}},"65":{"start":{"line":66,"column":0},"end":{"line":66,"column":5}},"67":{"start":{"line":68,"column":0},"end":{"line":68,"column":31}},"68":{"start":{"line":69,"column":0},"end":{"line":69,"column":32}},"70":{"start":{"line":71,"column":0},"end":{"line":71,"column":42}},"71":{"start":{"line":72,"column":0},"end":{"line":72,"column":75}},"72":{"start":{"line":73,"column":0},"end":{"line":73,"column":75}},"73":{"start":{"line":74,"column":0},"end":{"line":74,"column":5}},"75":{"start":{"line":76,"column":0},"end":{"line":76,"column":12}},"76":{"start":{"line":77,"column":0},"end":{"line":77,"column":66}},"77":{"start":{"line":78,"column":0},"end":{"line":78,"column":66}},"78":{"start":{"line":79,"column":0},"end":{"line":79,"column":6}},"79":{"start":{"line":80,"column":0},"end":{"line":80,"column":3}},"80":{"start":{"line":81,"column":0},"end":{"line":81,"column":1}},"82":{"start":{"line":83,"column":0},"end":{"line":83,"column":63}}},"s":{"0":1,"7":1,"8":1,"9":485,"10":485,"11":485,"12":485,"13":485,"15":1,"16":21,"17":21,"18":21,"19":21,"21":21,"23":21,"24":485,"25":485,"26":1103,"27":1048,"28":1048,"29":1103,"30":1103,"31":485,"33":21,"34":1048,"35":1048,"37":21,"38":21,"40":1,"41":21,"42":21,"44":21,"45":1048,"47":58,"48":55,"49":55,"50":55,"51":55,"52":55,"53":55,"54":55,"55":54,"57":21,"58":21,"60":1,"61":21,"63":21,"64":3,"65":3,"67":18,"68":18,"70":21,"71":55,"72":55,"73":55,"75":18,"76":18,"77":18,"78":18,"79":21,"80":1,"82":1},"branchMap":{"0":{"type":"branch","line":9,"loc":{"start":{"line":9,"column":10},"end":{"line":14,"column":3}},"locations":[{"start":{"line":9,"column":10},"end":{"line":14,"column":3}}]},"1":{"type":"branch","line":12,"loc":{"start":{"line":12,"column":11},"end":{"line":12,"column":26}},"locations":[{"start":{"line":12,"column":11},"end":{"line":12,"column":26}}]},"2":{"type":"branch","line":13,"loc":{"start":{"line":13,"column":14},"end":{"line":13,"column":33}},"locations":[{"start":{"line":13,"column":14},"end":{"line":13,"column":33}}]},"3":{"type":"branch","line":16,"loc":{"start":{"line":16,"column":10},"end":{"line":39,"column":3}},"locations":[{"start":{"line":16,"column":10},"end":{"line":39,"column":3}}]},"4":{"type":"branch","line":24,"loc":{"start":{"line":24,"column":30},"end":{"line":32,"column":5}},"locations":[{"start":{"line":24,"column":30},"end":{"line":32,"column":5}}]},"5":{"type":"branch","line":26,"loc":{"start":{"line":26,"column":40},"end":{"line":31,"column":7}},"locations":[{"start":{"line":26,"column":40},"end":{"line":31,"column":7}}]},"6":{"type":"branch","line":27,"loc":{"start":{"line":27,"column":37},"end":{"line":29,"column":9}},"locations":[{"start":{"line":27,"column":37},"end":{"line":29,"column":9}}]},"7":{"type":"branch","line":34,"loc":{"start":{"line":34,"column":54},"end":{"line":36,"column":5}},"locations":[{"start":{"line":34,"column":54},"end":{"line":36,"column":5}}]},"8":{"type":"branch","line":35,"loc":{"start":{"line":35,"column":34},"end":{"line":35,"column":49}},"locations":[{"start":{"line":35,"column":34},"end":{"line":35,"column":49}}]},"9":{"type":"branch","line":41,"loc":{"start":{"line":41,"column":10},"end":{"line":59,"column":3}},"locations":[{"start":{"line":41,"column":10},"end":{"line":59,"column":3}}]},"10":{"type":"branch","line":45,"loc":{"start":{"line":45,"column":66},"end":{"line":56,"column":5}},"locations":[{"start":{"line":45,"column":66},"end":{"line":56,"column":5}}]},"11":{"type":"branch","line":46,"loc":{"start":{"line":46,"column":28},"end":{"line":46,"column":37}},"locations":[{"start":{"line":46,"column":28},"end":{"line":46,"column":37}}]},"12":{"type":"branch","line":46,"loc":{"start":{"line":46,"column":28},"end":{"line":56,"column":5}},"locations":[{"start":{"line":46,"column":28},"end":{"line":56,"column":5}}]},"13":{"type":"branch","line":46,"loc":{"start":{"line":46,"column":28},"end":{"line":48,"column":45}},"locations":[{"start":{"line":46,"column":28},"end":{"line":48,"column":45}}]},"14":{"type":"branch","line":48,"loc":{"start":{"line":48,"column":45},"end":{"line":55,"column":7}},"locations":[{"start":{"line":48,"column":45},"end":{"line":55,"column":7}}]},"15":{"type":"branch","line":55,"loc":{"start":{"line":55,"column":6},"end":{"line":56,"column":5}},"locations":[{"start":{"line":55,"column":6},"end":{"line":56,"column":5}}]},"16":{"type":"branch","line":61,"loc":{"start":{"line":61,"column":2},"end":{"line":80,"column":3}},"locations":[{"start":{"line":61,"column":2},"end":{"line":80,"column":3}}]},"17":{"type":"branch","line":64,"loc":{"start":{"line":64,"column":35},"end":{"line":66,"column":5}},"locations":[{"start":{"line":64,"column":35},"end":{"line":66,"column":5}}]},"18":{"type":"branch","line":66,"loc":{"start":{"line":66,"column":4},"end":{"line":71,"column":41}},"locations":[{"start":{"line":66,"column":4},"end":{"line":71,"column":41}}]},"19":{"type":"branch","line":71,"loc":{"start":{"line":71,"column":41},"end":{"line":74,"column":5}},"locations":[{"start":{"line":71,"column":41},"end":{"line":74,"column":5}}]},"20":{"type":"branch","line":72,"loc":{"start":{"line":72,"column":43},"end":{"line":72,"column":75}},"locations":[{"start":{"line":72,"column":43},"end":{"line":72,"column":75}}]},"21":{"type":"branch","line":73,"loc":{"start":{"line":73,"column":43},"end":{"line":73,"column":75}},"locations":[{"start":{"line":73,"column":43},"end":{"line":73,"column":75}}]},"22":{"type":"branch","line":74,"loc":{"start":{"line":74,"column":4},"end":{"line":79,"column":6}},"locations":[{"start":{"line":74,"column":4},"end":{"line":79,"column":6}}]},"23":{"type":"branch","line":77,"loc":{"start":{"line":77,"column":31},"end":{"line":77,"column":64}},"locations":[{"start":{"line":77,"column":31},"end":{"line":77,"column":64}}]},"24":{"type":"branch","line":78,"loc":{"start":{"line":78,"column":31},"end":{"line":78,"column":64}},"locations":[{"start":{"line":78,"column":31},"end":{"line":78,"column":64}}]}},"b":{"0":[485],"1":[1114],"2":[1114],"3":[21],"4":[485],"5":[1103],"6":[1048],"7":[1048],"8":[55],"9":[21],"10":[1048],"11":[994],"12":[58],"13":[54],"14":[55],"15":[54],"16":[21],"17":[3],"18":[18],"19":[55],"20":[29],"21":[43],"22":[18],"23":[55],"24":[55]},"fnMap":{"0":{"name":"parseProducers","decl":{"start":{"line":9,"column":10},"end":{"line":14,"column":3}},"loc":{"start":{"line":9,"column":10},"end":{"line":14,"column":3}},"line":9},"1":{"name":"getProducerWins","decl":{"start":{"line":16,"column":10},"end":{"line":39,"column":3}},"loc":{"start":{"line":16,"column":10},"end":{"line":39,"column":3}},"line":16},"2":{"name":"calculateAllIntervals","decl":{"start":{"line":41,"column":10},"end":{"line":59,"column":3}},"loc":{"start":{"line":41,"column":10},"end":{"line":59,"column":3}},"line":41},"3":{"name":"getPrizeIntervals","decl":{"start":{"line":61,"column":2},"end":{"line":80,"column":3}},"loc":{"start":{"line":61,"column":2},"end":{"line":80,"column":3}},"line":61}},"f":{"0":485,"1":21,"2":21,"3":21}}
}
